<?xml version="1.0" encoding="UTF-8"?>
<testng-results ignored="0" total="1" passed="1" failed="0" skipped="0">
  <reporter-output>
  </reporter-output>
  <suite started-at="2026-02-20T01:47:01 IST" name="API Automation suite" finished-at="2026-02-20T01:47:07 IST" duration-ms="5707">
    <groups>
    </groups>
    <test started-at="2026-02-20T01:47:01 IST" name="API Test" finished-at="2026-02-20T01:47:07 IST" duration-ms="5707">
      <class name="com.api.test.LoginAPITest">
        <test-method signature="loginTest()[pri:0, instance:com.api.test.LoginAPITest@5c5eefef]" started-at="2026-02-20T01:47:01 IST" name="loginTest" description="Check login API is working...." finished-at="2026-02-20T01:47:06 IST" duration-ms="5551" status="PASS">
          <reporter-output>
          </reporter-output>
        </test-method> <!-- loginTest -->
      </class> <!-- com.api.test.LoginAPITest -->
    </test> <!-- API Test -->
  </suite> <!-- API Automation suite -->
</testng-results>
